0:100  0:100  MemLog inited, TSC freq: 2208060060
0:100  0:000  CPU was calibrated with RTC
0:100  0:000  CloverX64 : Image base = 0x71A3F000
0:100  0:000  Clover ImageHandle = 8fcdcf98
0:103  0:002  SelfDirPath = \EFI\CLOVER
0:120  0:017  === [ Starting Clover ] =========================
0:120  0:000  Now is 10.01.2026,  02:59:21 (GMT)
0:120  0:000  Starting Clover revision: 5166 (master, commit 9c2ae4360) on Lenovo EFI
0:120  0:000  Build id: 20260109172908-9c2ae43-5166-dirty
0:120  0:000  Build with: [Args: -D NO_GRUB_DRIVERS_EMBEDDED -D LESS_DEBUG -t GCC152 | --cmd-len=50000 -D NO_GRUB_DRIVERS_EMBEDDED -D LESS_DEBUG -D USE_LOW_EBDA -a X64 -b RELEASE -t GCC152 -n 13 | OS: 26.2]
0:120  0:000  === [ Get Smbios ] ==============================
0:121  0:000  Type 16 Index = 0
0:121  0:000  Total Memory Slots Count = 2
0:121  0:000  Type 17 Index = 0
0:121  0:000  SmbiosTable.Type17->SlotIndex = 0
0:121  0:000  SmbiosTable.Type17->ModuleSize = 8192MB
0:121  0:000  SmbiosTable.Type17->Type = 0
0:121  0:000  SmbiosTable.Type17->Frequency = 3200MHz
0:121  0:000  SmbiosTable.Type17->Bank/Device = BANK 0 ChannelA-DIMM0
0:121  0:000  SmbiosTable.Type17->Vendor = Samsung
0:121  0:000  SmbiosTable.Type17->SerialNo = 00000000
0:121  0:000  SmbiosTable.Type17->PartNo = M471A1G44AB0-CWE
0:121  0:000  Type 17 Index = 1
0:121  0:000  SmbiosTable.Type17->SlotIndex = 1
0:121  0:000  SmbiosTable.Type17->ModuleSize = 8192MB
0:121  0:000  SmbiosTable.Type17->Type = 0
0:121  0:000  SmbiosTable.Type17->Frequency = 3200MHz
0:121  0:000  SmbiosTable.Type17->Bank/Device = BANK 2 ChannelB-DIMM0
0:121  0:000  SmbiosTable.Type17->Vendor = 0194
0:121  0:000  SmbiosTable.Type17->SerialNo = 028D445A
0:121  0:000  SmbiosTable.Type17->PartNo = SMS4WEC8C1K0446FCG
0:121  0:000  Boot status=0
0:121  0:000  Running on: '20S1S6C401' with board '20S1S6C401'
0:121  0:000  === [ GetCPUProperties ] ========================
0:121  0:000  CPU Vendor = 756E6547 Model=806EC
0:121  0:000   The CPU supported SSE4.1
0:121  0:000   The CPU supported RDRAND
0:121  0:000  BrandString = Intel(R) Core(TM) i5-10310U CPU @ 1.70GHz
0:121  0:000   The CPU supported turbo
0:121  0:000   Energy PerfBias is  visible:
0:121  0:000  MSR 0x35               40008
0:121  0:000   TSC/CCC Information Leaf:
0:121  0:000    numerator     : 184
0:121  0:000    denominator   : 2
0:121  0:000   Calibrated ARTFrequency: 24000652
0:121  0:000   Rounded ARTFrequency: 24000000
0:121  0:000  MSR 0xE2 before patch 1E008008
0:121  0:000  MSR 0xE2 is locked, PM patches will be turned on
0:121  0:000  MSR 0xCE              0804043D_F1011600
0:121  0:000  corrected FLEX_RATIO = 100000
0:121  0:000  MSR 0x1B0             00000000
0:121  0:000  FSBFrequency = 78 MHz, DMI FSBFrequency = 100 MHz, Corrected FSBFrequency = 100 MHz
0:121  0:000  MaxDiv/MinDiv: 22.0/4
0:121  0:000  Turbo: 40/40/43/44
0:121  0:000  Features: 0x77FAFBFFBFEBFBFF
0:121  0:000  Threads: 8
0:121  0:000  Cores: 4
0:121  0:000  FSB: 100 MHz
0:121  0:000  CPU: 1700 MHz
0:121  0:000  TSC: 1700 MHz
0:121  0:000  PIS: 100 MHz
0:121  0:000  ExternalClock: 25 MHz
0:121  0:000  === [ GetDevices ] ==============================
0:121  0:000  Found more than one GOP protocol ??? Using the first one
0:121  0:000  GOP found at: PciRoot(0x0)/Pci(0x2,0x0)/AcpiAdr(0x80011400)
0:121  0:000  PCI (00|00:00.00) : 8086 9B61 class=060000
0:121  0:000  PCI (00|00:02.00) : 8086 9B41 class=030000
0:121  0:000   - GFX: Model=Intel UHD Graphics 620 (Intel)
0:121  0:000   - GOP: Provided by device
0:121  0:000  PCI (00|00:04.00) : 8086 1903 class=118000
0:121  0:000  PCI (00|00:08.00) : 8086 1911 class=088000
0:121  0:000  PCI (00|00:12.00) : 8086 02F9 class=118000
0:121  0:000  PCI (00|00:14.00) : 8086 02ED class=0C0330
0:121  0:000  PCI (00|00:14.02) : 8086 02EF class=050000
0:121  0:000  PCI (00|00:14.03) : 8086 02F0 class=028000
0:121  0:000   - WIFI: Vendor= Intel
0:121  0:000  PCI (00|00:16.00) : 8086 02E0 class=078000
0:121  0:000  PCI (00|00:1C.00) : 8086 02B8 class=060400
0:121  0:000  PCI (00|00:1C.04) : 8086 02BC class=060400
0:121  0:000  PCI (00|00:1D.00) : 8086 02B0 class=060400
0:121  0:000  PCI (00|00:1D.04) : 8086 02B4 class=060400
0:121  0:000  PCI (00|2E:00.00) : 15B7 5017 class=010802
0:121  0:000  PCI (00|00:1F.00) : 8086 0284 class=060100
0:121  0:000  PCI (00|00:1F.03) : 8086 02C8 class=040380
0:121  0:000  PCI (00|00:1F.04) : 8086 02A3 class=0C0500
0:121  0:000  PCI (00|00:1F.05) : 8086 02A4 class=0C8000
0:121  0:000  PCI (00|00:1F.06) : 8086 0D4E class=020000
0:121  0:000   - LAN: 1 Vendor=Intel
0:121  0:000  Legacy MAC address of LAN #0= 64:1C:67:D0:1F:DC:
0:121  0:000  _checkOEMPath Look for oem dir at path '\EFI\CLOVER\OEM\20S1S6C401--64-1C-67-D0-1F-DC'. Dir doesn't exist.
0:122  0:000  _checkOEMPath Look for oem dir at path '\EFI\CLOVER\OEM\20S1S6C401\UEFI'. Dir doesn't exist.
0:122  0:000  _checkOEMPath Look for oem dir at path '\EFI\CLOVER\OEM\20S1S6C401'. Dir doesn't exist.
0:122  0:000  _checkOEMPath Look for oem dir at path '\EFI\CLOVER\OEM\20S1S6C401-1700'. Dir doesn't exist.
0:122  0:000  _checkOEMPath Look for oem dir at path '\EFI\CLOVER\OEM\20S1S6C401'. Dir doesn't exist.
0:122  0:000  _checkOEMPath Look for oem dir at path '\EFI\CLOVER\OEM\20S1S6C401-1700'. Dir doesn't exist.
0:122  0:000  === [ GetUserSettings ] =========================
0:122  0:000  GetDefaultModel()=MacBookPro14,1
0:122  0:000  === [ LoadUserSettings ] ========================
0:123  0:000  Using config.plist at path: \EFI\CLOVER
0:127  0:003  There is a problem in plist '\EFI\CLOVER\config.plist'
0:127  0:000  Warning: Unknown key '/GUI/GUI:1065'. Skipped.
0:127  0:000  Use CloverConfigPlistValidator or look in the log
3:127  2:999  === [ LoadUserSettings ] ========================
3:127  0:000  Cannot find smbios.plist at path '\EFI\CLOVER' : Not Found
3:127  0:000  '\EFI\CLOVER\smbios.plist' not loaded. Efi error Not Found
3:127  0:000  create SMBIOS list, found 28 dicts
3:127  0:000  ... ACPI
3:127  0:000  ... Boot
3:127  0:000  ... BootGraphics
3:127  0:000  ... CPU
3:127  0:000  ... Devices
3:127  0:000  ... GUI
3:127  0:000  ... Graphics
3:127  0:000  ... KernelAndKextPatches
3:127  0:000  ... SMBIOS
3:127  0:000  ... SystemParameters
3:127  0:000  ... RtVariables
3:127  0:000  ... Quirks
3:127  0:000  get model from config.plist
3:127  0:000  Using latest BiosVersion from config instead of default 'MBP163.88Z.F000.B00.2303040347'
3:127  0:000  Using latest BiosReleaseDate from config instead of default '03/04/2023'
3:127  0:000  Using latest EfiVersion from config instead of default '1968.100.17.0.0'
3:127  0:000  BiosVersion: MBP164.88Z.F000.B00.2310052035
3:127  0:000  BiosReleaseDate: 10/05/2023
3:127  0:000  EfiVersion: 2020.41.1.0.0
3:127  0:000  Calibrated TSC Frequency = 2208060060 = 2208MHz
3:127  0:000  === [ GetListOfThemes ] =========================
3:128  0:000  - [00]: Atomic
3:128  0:000  === [ Found config plists ] =====================
3:128  0:000  - config.plist
3:128  0:000  === [ LoadDrivers ] =============================
3:129  0:000  Loading VBoxHfs.efi status=Success
3:133  0:003   - driver needs connecting
3:133  0:000  Loading ApfsDriverLoader.efi status=Success
3:136  0:003   - driver needs connecting
3:136  0:000  2 drivers needs connecting ...
3:136  0:000  PlatformDriverOverrideProtocol not found. Installing ... Success
3:136  0:000  HFS+ driver loaded
3:136  0:000  APFS driver loaded
3:136  0:000  Searching for invalid DiskIo BY_DRIVER connects: not found, all ok
15:919  12:782  === [ InitScreen ] ==============================
15:919  0:000  Console modes reported: 6, available modes:
15:919  0:000   - [01]: 80x25
15:919  0:000   - [02]: 80x50
15:919  0:000   - [03]: 240x56 (current mode)
15:919  0:000   - [04]: 100x31
15:919  0:000   - [05]: 128x40
15:919  0:000   - [06]: 160x53
15:919  0:000  SetScreenResolution: 1920x1080 - already set
15:919  0:000  SetScreenResolution: 1920x1080 - already set
15:920  0:000  === [ ScanSPD ] =================================
15:920  0:000  SMBus device : 8086 02A3 class=0C0500 status=Success
15:920  0:000  SMBus CmdReg: 0x3
15:920  0:000  Scanning SMBus [8086:02A3], mmio: 0xEB646004, ioport: 0xEFA0, hostc: 0x11
15:920  0:000  Slots to scan [8]...
15:921  0:000  SPD[1]: Got invalid type 0 @0x51. Will set page and retry.
15:921  0:000  SPD[1]: Type 12 @0x51
15:939  0:018  XMP is not present, XMPDetection deactivated in config.plist
15:939  0:000  DDR speed 3200MHz
15:939  0:000  Slot: 1 Type 26 8192MB 3200MHz Vendor=Smart Modular PartNo=SMS4WEC8C1K0446FCG SerialNo=028D445A
15:940  0:001  === [ GetAcpiTablesList ] =======================
15:940  0:000  Get Acpi Tables List from RSDT: count=27
15:940  0:000   - [00]: FACP  TP-N2X   len=276
15:940  0:000   - [01]: SSDT  CpuSsdt len=8366
15:940  0:000   - [02]: SSDT  CtdpB len=1441
15:940  0:000   - [03]: SSDT  DptfTabl len=13618
15:940  0:000   - [04]: SSDT  SaSsdt  len=13086
15:940  0:000   - [05]: BOOT  TP-N2X   len=40
15:940  0:000   - [06]: HPET  TP-N2X   len=56
15:940  0:000   - [07]: APIC  TP-N2X   len=356
15:940  0:000   - [08]: MCFG  TP-N2X   len=60
15:940  0:000   - [09]: ECDT  TP-N2X   len=83
15:940  0:000   - [10]: SSDT  WHL_Tbt_ len=7957
15:940  0:000   - [11]: SSDT  PID0Ssdt len=166
15:940  0:000   - [12]: SSDT  ProjSsdt len=15056
15:940  0:000   - [13]: NHLT  TP-N2X   len=6302
15:941  0:000   - [14]: MSDM  TP-N2X   len=85
15:941  0:000   - [15]: SSDT  UsbCTabl len=4046
15:941  0:000   - [16]: LPIT  TP-N2X   len=148
15:941  0:000   - [17]: WSMT  TP-N2X   len=40
15:941  0:000   - [18]: SSDT  TbtTypeC len=10267
15:941  0:000   - [19]: DBGP  TP-N2X   len=52
15:941  0:000   - [20]: DBG2  TP-N2X   len=84
15:941  0:000   - [21]: BATB  TP-N2X   len=74
15:941  0:000   - [22]: DMAR  TP-N2X   len=200
15:941  0:000   - [23]: ASF!  TP-N2X   len=160
15:941  0:000   - [24]: BGRT  TP-N2X   len=56
15:941  0:000   - [25]: UEFI  TP-N2X   len=298
15:941  0:000   - [26]: FPDT  TP-N2X   len=52
15:941  0:000   - [00]: Drop table : DMAR,     58324e2d5054 :  no
15:941  0:000  Custom boot CUSTOM_BOOT_USER_DISABLED (0x0)
15:941  0:000  Default theme: Atomic
15:941  0:000  Set FakeCPUID: 0x806E9
15:941  0:000  === [ Found DSDT tables ] =======================
15:942  0:001  === [ InitKextList ] ============================
15:943  0:001  Added Kext=Other\ACPIBatteryManager.kext (1.90.1)
15:957  0:013  Added Kext=Other\LPCSensors.kext (1765)
15:959  0:001  Added Kext=Other\Lilu.kext (1.7.1)
15:960  0:001  Added Kext=Other\CryptexFixup.kext (1.0.5)
15:962  0:001  Added Kext=Other\HibernationFixup.kext (1.5.4)
15:963  0:001  Added Kext=Other\IntelBTPatcher.kext (2.5.0)
15:964  0:001  Added Kext=Other\VoodooRMI.kext (1.4.2)
15:966  0:001  ---| added plugin=RMII2C.kext (1)
15:967  0:001  ---| added plugin=RMISMBus.kext (1.0)
15:968  0:001  Added Kext=Other\NoTouchID.kext (1.0.3)
15:969  0:001  Added Kext=Other\VoodooSMBus.kext (3.0)
15:971  0:002  Added Kext=Other\YogaSMCAlter.kext (1.5.3)
15:973  0:001  Added Kext=Other\AirPortUtility.kext (1)
16:022  0:049  Added Kext=Other\AppleALC.kext (1.9.6)
16:025  0:002  Added Kext=Other\IntelMausi.kext (1.0.9)
16:026  0:001  Added Kext=Other\USBToolBox.kext (1.1.1)
16:031  0:005  Added Kext=Other\IntelBluetoothFirmware.kext (2.5.0)
16:034  0:002  Added Kext=Other\RestrictEvents.kext (1.1.6)
16:035  0:001  Added Kext=Other\BlueToolFixup.kext (2.7.1)
16:037  0:001  Added Kext=Other\NVMeFix.kext (1.1.2)
16:039  0:002  Added Kext=Other\WhateverGreen.kext (1.7.0)
16:042  0:002  Added Kext=Other\BluetoothFileExchange.kext (1)
16:044  0:001  Added Kext=Other\SMCProcessor.kext (1.3.7)
16:045  0:001  Added Kext=Other\USBWakeFixup.kext (1)
16:048  0:002  Added Kext=Other\AirportItlwmvent.kext (2.3.0)
16:050  0:002  Added Kext=Other\CPUSensors.kext (1765)
16:052  0:001  Added Kext=Other\BrightnessKeys.kext (1.0.3)
16:056  0:004  Added Kext=Other\ACPISensors.kext (1787)
16:057  0:001  Added Kext=Other\Sinetek-rtsx.kext (9.0.0)
16:059  0:001  Added Kext=Other\ACPIPoller.kext (0.8.1)
16:061  0:001  Added Kext=Other\FeatureUnlock.kext (1.1.8)
16:064  0:002  Added Kext=Other\VoodooPS2Controller.kext (2.3.7)
16:071  0:007  ---| added plugin=VoodooPS2Trackpad.kext (2.3.7)
16:078  0:006  ---| added plugin=VoodooPS2Keyboard.kext (2.3.7)
16:080  0:001  ---| added plugin=VoodooPS2Mouse.kext (2.3.7)
16:081  0:001  ---| added plugin=VoodooInput.kext (1.1.6)
16:083  0:002  Added Kext=Other\SMCLightSensor.kext (1.3.7)
16:087  0:003  Added Kext=Other\FakeSMC.kext (1765)
16:089  0:002  Added Kext=Other\UTBMap.kext (1.1)
16:095  0:005  Added Kext=Other\USBPorts.kext (1.0)
16:095  0:000  === [ ScanVolumes ] =============================
16:095  0:000  Found 9 volumes with blockIO
16:095  0:000  - [00]: Volume: PciRoot(0x0)\Pci(0x1D,0x4)\Pci(0x0,0x0)\NVMe(0x1,1F-B7-C0-4E-8B-44-1B-00)
16:095  0:000  - [01]: Volume: PciRoot(0x0)\Pci(0x1D,0x4)\Pci(0x0,0x0)\NVMe(0x1,1F-B7-C0-4E-8B-44-1B-00)\HD(1,GPT,64A8B486-3912-41B5-A65C-2B4FA26BBE26,0x28,0x64000)
16:095  0:000          Result of bootcode detection: bootable unknown (legacy)
16:096  0:000            label : EFI
16:096  0:000          This is SelfVolume !!
16:096  0:000  - [02]: Volume: PciRoot(0x0)\Pci(0x1D,0x4)\Pci(0x0,0x0)\NVMe(0x1,1F-B7-C0-4E-8B-44-1B-00)\HD(2,GPT,3FBFECFC-7509-43ED-B356-58098AFAD9AE,0x64028,0x746A2D60)
16:096  0:000          Result of bootcode detection: bootable unknown (legacy)
16:096  0:000  - [03]: Volume: PciRoot(0x0)\Pci(0x1D,0x4)\Pci(0x0,0x0)\NVMe(0x1,1F-B7-C0-4E-8B-44-1B-00)\HD(2,GPT,3FBFECFC-7509-43ED-B356-58098AFAD9AE,0x64028,0x746A2D60)\VenMedia(BE74FCF7-0B7C-49F3-9147-01F4042E6842,11B956D2529D2C4492DD3447053C84EB)
16:097  0:000            apfsFileSystemUUID=D256B911-9D52-442C-92DD-3447053C84EB, ApfsContainerUUID=6E8D3A6F-7C36-484B-9A20-7C23A1E6CB1F, ApfsRole=0x10
16:097  0:000            label : Preboot
16:097  0:000  - [04]: Volume: PciRoot(0x0)\Pci(0x1D,0x4)\Pci(0x0,0x0)\NVMe(0x1,1F-B7-C0-4E-8B-44-1B-00)\HD(2,GPT,3FBFECFC-7509-43ED-B356-58098AFAD9AE,0x64028,0x746A2D60)\VenMedia(BE74FCF7-0B7C-49F3-9147-01F4042E6842,AE22648DA52E3B409B142EB3F1A305EB)
16:098  0:000            apfsFileSystemUUID=8D6422AE-2EA5-403B-9B14-2EB3F1A305EB, ApfsContainerUUID=6E8D3A6F-7C36-484B-9A20-7C23A1E6CB1F, ApfsRole=0x40
16:101  0:002            label : macOs Ventura - Dados
16:101  0:000  - [05]: Volume: PciRoot(0x0)\Pci(0x1D,0x4)\Pci(0x0,0x0)\NVMe(0x1,1F-B7-C0-4E-8B-44-1B-00)\HD(2,GPT,3FBFECFC-7509-43ED-B356-58098AFAD9AE,0x64028,0x746A2D60)\VenMedia(BE74FCF7-0B7C-49F3-9147-01F4042E6842,611FDDA547EDE04FAC14EDA818411135)
16:101  0:000            apfsFileSystemUUID=A5DD1F61-ED47-4FE0-AC14-EDA818411135, ApfsContainerUUID=6E8D3A6F-7C36-484B-9A20-7C23A1E6CB1F, ApfsRole=0x4
16:101  0:000            label : Recovery
16:101  0:000          hiding this volume
16:101  0:000  - [06]: Volume: PciRoot(0x0)\Pci(0x1D,0x4)\Pci(0x0,0x0)\NVMe(0x1,1F-B7-C0-4E-8B-44-1B-00)\HD(2,GPT,3FBFECFC-7509-43ED-B356-58098AFAD9AE,0x64028,0x746A2D60)\VenMedia(BE74FCF7-0B7C-49F3-9147-01F4042E6842,A508A36124A3684B85AC65D3F4EEB020)
16:102  0:000            apfsFileSystemUUID=61A308A5-A324-4B68-85AC-65D3F4EEB020, ApfsContainerUUID=6E8D3A6F-7C36-484B-9A20-7C23A1E6CB1F, ApfsRole=0x1
16:105  0:002            label : macOs Ventura
16:105  0:000  - [07]: Volume: PciRoot(0x0)\Pci(0x1D,0x4)\Pci(0x0,0x0)\NVMe(0x1,1F-B7-C0-4E-8B-44-1B-00)\HD(2,GPT,3FBFECFC-7509-43ED-B356-58098AFAD9AE,0x64028,0x746A2D60)\VenMedia(BE74FCF7-0B7C-49F3-9147-01F4042E6842,FBC707AD1121B846BC1AD8835E363C83)
16:105  0:000            apfsFileSystemUUID=AD07C7FB-2111-46B8-BC1A-D8835E363C83, ApfsContainerUUID=6E8D3A6F-7C36-484B-9A20-7C23A1E6CB1F, ApfsRole=0xc0
16:106  0:000            label : Update
16:106  0:000  - [08]: Volume: PciRoot(0x0)\Pci(0x1D,0x4)\Pci(0x0,0x0)\NVMe(0x1,1F-B7-C0-4E-8B-44-1B-00)\HD(2,GPT,3FBFECFC-7509-43ED-B356-58098AFAD9AE,0x64028,0x746A2D60)\VenMedia(BE74FCF7-0B7C-49F3-9147-01F4042E6842,42287EF9466F4740B5481B032106D821)
16:106  0:000            apfsFileSystemUUID=F97E2842-6F46-4047-B548-1B032106D821, ApfsContainerUUID=6E8D3A6F-7C36-484B-9A20-7C23A1E6CB1F, ApfsRole=0x8
16:106  0:000            label : VM
16:106  0:000  No AudioIoProtocols, status=Not Found
16:107  0:000  === [ InitXTheme ] ==============================
16:107  0:000  use night theme
16:109  0:002  Using theme 'Atomic' (Atomic)
16:109  0:000  OS main and drive as badge
16:431  0:321  theme inited
16:431  0:000  Chosen theme Atomic
16:431  0:000  found boot-args in NVRAM:-v debug=0x100 keepsyms=1 agdpmod=pikera -radcodec ctrsmt=full, size=63
16:431  0:000  ...found arg:-v
16:431  0:000  ...adding arg:-v
16:431  0:000  ...found arg:debug=0x100
16:431  0:000  ...adding arg:debug=0x100
16:431  0:000  ...found arg:keepsyms=1
16:431  0:000  ...found arg:agdpmod=pikera
16:431  0:000  ...adding arg:agdpmod=pikera
16:431  0:000  ...found arg:-radcodec
16:431  0:000  ...adding arg:-radcodec
16:431  0:000  ...found arg:ctrsmt=full
16:431  0:000  ...adding arg:ctrsmt=full
16:431  0:000  after NVRAM boot-args=agdpmod=vit9696 revcpu=1 revpatch=cpuname,sbvmm,diskread,pci -wegnoegpu rtcfx_exclude=80-AB keepsyms=1 -lilubetaall -v debug=0x100 agdpmod=pikera -radcodec ctrsmt=full 
16:432  0:000  === [ Dump SMC keys from NVRAM ] ================
16:432  0:000  found AppleSMC protocol
16:497  0:065  Registered 0 SMC keys
16:547  0:050  === [ ScanLoader ] ==============================
16:547  0:000  - [01]: 'EFI'
16:549  0:002        AddLoaderEntry for Volume Name=EFI, idx=0
16:549  0:000        OSVersion= 
16:549  0:000        IconName=unknown comma=-1 size=7
16:549  0:000        Full=unknown
16:550  0:000        Show badge as Drive.
16:550  0:000        Loader entry created for 'PciRoot(0x0)\Pci(0x1D,0x4)\Pci(0x0,0x0)\NVMe(0x1,1F-B7-C0-4E-8B-44-1B-00)\HD(1,GPT,64A8B486-3912-41B5-A65C-2B4FA26BBE26,0x28,0x64000)\EFI\BOOT\BOOTX64.efi'
16:550  0:000        Menu entry added at index 0
16:550  0:000       hiding entry because DiskKind is DISK_KIND_INTERNAL: \EFI\BOOT\BOOTX64.efi
16:550  0:000  - [03]: 'Preboot'
16:550  0:000      ApfsContainerUUID=6E8D3A6F-7C36-484B-9A20-7C23A1E6CB1F
16:550  0:000      ApfsFileSystemUUID=D256B911-9D52-442C-92DD-3447053C84EB
16:550  0:000      APFSTargetUUID=8D6422AE-2EA5-403B-9B14-2EB3F1A305EB
16:551  0:000        contentDetails name:macOs Ventura
16:551  0:000        AddLoaderEntry for Volume Name=Preboot, idx=1
16:552  0:000        OSVersion=13.7.8 
16:552  0:000        Check if volume Is Hibernated:
16:552  0:000        Check sleep image 'by signature':
16:552  0:000        using default sleep image name = \private\var\vm\sleepimage
16:552  0:000        cannot open sleepimage -> Not Found
16:552  0:000        hibernated: no - sign
16:552  0:000        IconName=ventura,mac comma=7 size=11
16:552  0:000        first=os_ventura
16:552  0:000        Show badge as Drive.
16:552  0:000        Loader entry created for 'PciRoot(0x0)\Pci(0x1D,0x4)\Pci(0x0,0x0)\NVMe(0x1,1F-B7-C0-4E-8B-44-1B-00)\HD(2,GPT,3FBFECFC-7509-43ED-B356-58098AFAD9AE,0x64028,0x746A2D60)\VenMedia(BE74FCF7-0B7C-49F3-9147-01F4042E6842,11B956D2529D2C4492DD3447053C84EB)\8D6422AE-2EA5-403B-9B14-2EB3F1A305EB\System\Library\CoreServices\boot.efi'
16:554  0:001        Menu entry added at index 1
16:554  0:000  - [04]: 'macOs Ventura - Dados'
16:554  0:000      ApfsContainerUUID=6E8D3A6F-7C36-484B-9A20-7C23A1E6CB1F
16:554  0:000      ApfsFileSystemUUID=8D6422AE-2EA5-403B-9B14-2EB3F1A305EB
16:554  0:000  - [05]: 'Recovery'
16:554  0:000      ApfsContainerUUID=6E8D3A6F-7C36-484B-9A20-7C23A1E6CB1F
16:554  0:000      ApfsFileSystemUUID=A5DD1F61-ED47-4FE0-AC14-EDA818411135
16:554  0:000      APFSTargetUUID=8D6422AE-2EA5-403B-9B14-2EB3F1A305EB
16:554  0:000        contentDetails name:macOs Ventura
16:555  0:000        AddLoaderEntry for Volume Name=Recovery, idx=2
16:555  0:000        OSVersion=13.7.8 
16:555  0:000        IconName=ventura,mac comma=7 size=11
16:555  0:000        first=os_ventura
16:556  0:000        Show badge as Drive.
16:556  0:000        Loader entry created for 'PciRoot(0x0)\Pci(0x1D,0x4)\Pci(0x0,0x0)\NVMe(0x1,1F-B7-C0-4E-8B-44-1B-00)\HD(2,GPT,3FBFECFC-7509-43ED-B356-58098AFAD9AE,0x64028,0x746A2D60)\VenMedia(BE74FCF7-0B7C-49F3-9147-01F4042E6842,611FDDA547EDE04FAC14EDA818411135)\8D6422AE-2EA5-403B-9B14-2EB3F1A305EB\BaseSystem.dmg'
16:556  0:000       hiding entry because volume is hidden: \8D6422AE-2EA5-403B-9B14-2EB3F1A305EB\BaseSystem.dmg
16:557  0:001        Menu entry added at index 2
16:557  0:000  - [06]: 'macOs Ventura'
16:557  0:000      ApfsContainerUUID=6E8D3A6F-7C36-484B-9A20-7C23A1E6CB1F
16:557  0:000      ApfsFileSystemUUID=61A308A5-A324-4B68-85AC-65D3F4EEB020
16:563  0:005  - [07]: 'Update'
16:563  0:000      ApfsContainerUUID=6E8D3A6F-7C36-484B-9A20-7C23A1E6CB1F
16:563  0:000      ApfsFileSystemUUID=AD07C7FB-2111-46B8-BC1A-D8835E363C83
16:563  0:000  - [08]: 'VM'
16:563  0:000      ApfsContainerUUID=6E8D3A6F-7C36-484B-9A20-7C23A1E6CB1F
16:563  0:000      ApfsFileSystemUUID=F97E2842-6F46-4047-B548-1B032106D821
16:563  0:000  Entries list before ordering
16:563  0:000      Entry 0 : Boot UEFI internal from EFI (hidden)
16:563  0:000      Entry 1 : Boot Mac OS from macOs Ventura via Preboot
16:563  0:000      Entry 2 : Boot Mac OS Recovery for macOs Ventura via Recovery (hidden)
16:563  0:000  Entries list after ordering
16:563  0:000    Entry 0 : Boot UEFI internal from EFI (hidden)
16:563  0:000    Entry 1 : Boot Mac OS from macOs Ventura via Preboot
16:563  0:000    Entry 2 : Boot Mac OS Recovery for macOs Ventura via Recovery (hidden)
16:563  0:000  === [ AddCustomTool ] ===========================
16:563  0:000  found tool \EFI\CLOVER\tools\Shell64U.efi
16:563  0:000  Checking EFI partition Volume 1 for Clover
16:564  0:000   Found Clover
16:564  0:000  === [ GetEfiBootDeviceFromNvram ] ===============
16:565  0:000   - [!] efi-boot-device-data not found
16:565  0:000  Default boot entry not found
16:565  0:000  BannerPlace at Clear Screen [835,102]
16:803  0:238   Anime seems OK, init it
16:901  0:097  GUI ready
16:911  0:010  === Update Film ===
16:911  0:000  FilmX=40000
16:911  0:000  ID=1
16:911  0:000  RunOnce=0
16:911  0:000  NumFrames=35
16:911  0:000  FrameTime=120
16:911  0:000  Path=ANIME
16:911  0:000  LastFrame=34
16:911  0:000  
25:176  8:264  Make screenshot W=1920 H=1080
25:865  0:688  Make screenshot W=1920 H=1080
32:903  7:038  Boot option Boot0000 not found
32:903  0:000  === [ StartLoader ] =============================
32:903  0:000  Starting PciRoot(0x0)\Pci(0x1D,0x4)\Pci(0x0,0x0)\NVMe(0x1,1F-B7-C0-4E-8B-44-1B-00)\HD(2,GPT,3FBFECFC-7509-43ED-B356-58098AFAD9AE,0x64028,0x746A2D60)\VenMedia(BE74FCF7-0B7C-49F3-9147-01F4042E6842,11B956D2529D2C4492DD3447053C84EB)\8D6422AE-2EA5-403B-9B14-2EB3F1A305EB\System\Library\CoreServices\boot.efi
32:903  0:000  Finally: ExternalClock=26MHz BusSpeed=100367kHz CPUFreq=2208MHz PIS: hw.busfrequency=104000000Hz
32:904  0:000  Beginning OC
32:904  0:000  OCST: Missing vault data, ignoring...
32:904  0:000  AddKextsInArray from Other
32:904  0:000  ->Extra kext: Other\ACPIBatteryManager.kext (v.1.90.1)
32:904  0:000  ->Extra kext: Other\LPCSensors.kext (v.1765)
32:904  0:000  ->Extra kext: Other\Lilu.kext (v.1.7.1)
32:904  0:000  ->Extra kext: Other\CryptexFixup.kext (v.1.0.5)
32:904  0:000  ->Extra kext: Other\HibernationFixup.kext (v.1.5.4)
32:904  0:000  ->Extra kext: Other\IntelBTPatcher.kext (v.2.5.0)
32:904  0:000  ->Extra kext: Other\VoodooRMI.kext (v.1.4.2)
32:904  0:000      |-- PlugIn kext: Other\VoodooRMI.kext\Contents\PlugIns\RMII2C.kext (v.1)
32:904  0:000      |-- PlugIn kext: Other\VoodooRMI.kext\Contents\PlugIns\RMISMBus.kext (v.1.0)
32:904  0:000  ->Extra kext: Other\NoTouchID.kext (v.1.0.3)
32:904  0:000  ->Extra kext: Other\VoodooSMBus.kext (v.3.0)
32:904  0:000  ->Extra kext: Other\YogaSMCAlter.kext (v.1.5.3)
32:904  0:000  ->Extra kext: Other\AirPortUtility.kext (v.1)
32:904  0:000  ->Extra kext: Other\AppleALC.kext (v.1.9.6)
32:904  0:000  ->Extra kext: Other\IntelMausi.kext (v.1.0.9)
32:904  0:000  ->Extra kext: Other\USBToolBox.kext (v.1.1.1)
32:904  0:000  ->Extra kext: Other\IntelBluetoothFirmware.kext (v.2.5.0)
32:904  0:000  ->Extra kext: Other\RestrictEvents.kext (v.1.1.6)
32:904  0:000  ->Extra kext: Other\BlueToolFixup.kext (v.2.7.1)
32:904  0:000  ->Extra kext: Other\NVMeFix.kext (v.1.1.2)
32:904  0:000  ->Extra kext: Other\WhateverGreen.kext (v.1.7.0)
32:904  0:000  ->Extra kext: Other\BluetoothFileExchange.kext (v.1)
32:904  0:000  ->Extra kext: Other\SMCProcessor.kext (v.1.3.7)
32:904  0:000  ->Extra kext: Other\USBWakeFixup.kext (v.1)
32:904  0:000  ->Extra kext: Other\AirportItlwmvent.kext (v.2.3.0)
32:904  0:000  ->Extra kext: Other\CPUSensors.kext (v.1765)
32:904  0:000  ->Extra kext: Other\BrightnessKeys.kext (v.1.0.3)
32:904  0:000  ->Extra kext: Other\ACPISensors.kext (v.1787)
32:904  0:000  ->Extra kext: Other\Sinetek-rtsx.kext (v.9.0.0)
32:904  0:000  ->Extra kext: Other\ACPIPoller.kext (v.0.8.1)
32:904  0:000  ->Extra kext: Other\FeatureUnlock.kext (v.1.1.8)
32:904  0:000  ->Extra kext: Other\VoodooPS2Controller.kext (v.2.3.7)
32:904  0:000      |-- PlugIn kext: Other\VoodooPS2Controller.kext\Contents\PlugIns\VoodooPS2Trackpad.kext (v.2.3.7)
32:904  0:000      |-- PlugIn kext: Other\VoodooPS2Controller.kext\Contents\PlugIns\VoodooPS2Keyboard.kext (v.2.3.7)
32:904  0:000      |-- PlugIn kext: Other\VoodooPS2Controller.kext\Contents\PlugIns\VoodooPS2Mouse.kext (v.2.3.7)
32:904  0:000      |-- PlugIn kext: Other\VoodooPS2Controller.kext\Contents\PlugIns\VoodooInput.kext (v.1.1.6)
32:904  0:000  ->Extra kext: Other\SMCLightSensor.kext (v.1.3.7)
32:904  0:000  ->Extra kext: Other\FakeSMC.kext (v.1765)
32:904  0:000  ->Extra kext: Other\UTBMap.kext (v.1.1)
32:904  0:000  ->Extra kext: Other\USBPorts.kext (v.1.0)
32:904  0:000  GetOtherKextsDir(false) return NULL
32:904  0:000  AddKextsInArray from 13
32:904  0:000  AddKextsInArray from 13_normal
32:904  0:000  AddKextsInArray from 13.7
32:904  0:000  AddKextsInArray from 13.7_normal
32:904  0:000  AddKextsInArray from 13.7.8
32:904  0:000  AddKextsInArray from 13.7.8_normal
32:905  0:000  Bridge kext to OC : Path=Other\Lilu.kext
32:907  0:002  Bridge kext to OC : Path=Other\FakeSMC.kext
32:912  0:004  Bridge kext to OC : Path=Other\WhateverGreen.kext
32:915  0:002  Bridge kext to OC : Path=Other\AppleALC.kext
33:009  0:094  Bridge kext to OC : Path=Other\SMCProcessor.kext
33:011  0:002  Bridge kext to OC : Path=Other\USBPorts.kext
33:017  0:005  Bridge kext to OC : Path=Other\VoodooSMBus.kext
33:019  0:002  Bridge kext to OC : Path=Other\VoodooRMI.kext
33:023  0:003  Bridge kext to OC : Path=Other\ACPIBatteryManager.kext
33:026  0:002  Bridge kext to OC : Path=Other\LPCSensors.kext
33:087  0:060  Bridge kext to OC : Path=Other\CryptexFixup.kext
33:089  0:002  Bridge kext to OC : Path=Other\HibernationFixup.kext
33:091  0:002  Bridge kext to OC : Path=Other\IntelBTPatcher.kext
33:093  0:001  Bridge kext to OC : Path=Other\VoodooRMI.kext\Contents\PlugIns\RMII2C.kext
33:095  0:002  Bridge kext to OC : Path=Other\VoodooRMI.kext\Contents\PlugIns\RMISMBus.kext
33:098  0:002  Bridge kext to OC : Path=Other\NoTouchID.kext
33:100  0:002  Bridge kext to OC : Path=Other\YogaSMCAlter.kext
33:103  0:003  Bridge kext to OC : Path=Other\AirPortUtility.kext
33:105  0:002  Bridge kext to OC : Path=Other\IntelMausi.kext
33:108  0:002  Bridge kext to OC : Path=Other\USBToolBox.kext
33:110  0:001  Bridge kext to OC : Path=Other\IntelBluetoothFirmware.kext
33:115  0:005  Bridge kext to OC : Path=Other\RestrictEvents.kext
33:118  0:003  Bridge kext to OC : Path=Other\BlueToolFixup.kext
33:120  0:002  Bridge kext to OC : Path=Other\NVMeFix.kext
33:123  0:002  Bridge kext to OC : Path=Other\BluetoothFileExchange.kext
33:125  0:002  Bridge kext to OC : Path=Other\USBWakeFixup.kext
33:127  0:002  Bridge kext to OC : Path=Other\AirportItlwmvent.kext
33:131  0:003  Bridge kext to OC : Path=Other\CPUSensors.kext
33:133  0:002  Bridge kext to OC : Path=Other\BrightnessKeys.kext
33:135  0:002  Bridge kext to OC : Path=Other\ACPISensors.kext
33:140  0:004  Bridge kext to OC : Path=Other\Sinetek-rtsx.kext
33:142  0:002  Bridge kext to OC : Path=Other\ACPIPoller.kext
33:144  0:001  Bridge kext to OC : Path=Other\FeatureUnlock.kext
33:146  0:001  Bridge kext to OC : Path=Other\VoodooPS2Controller.kext
33:149  0:003  Bridge kext to OC : Path=Other\VoodooPS2Controller.kext\Contents\PlugIns\VoodooPS2Trackpad.kext
33:157  0:008  Bridge kext to OC : Path=Other\VoodooPS2Controller.kext\Contents\PlugIns\VoodooPS2Keyboard.kext
33:164  0:006  Bridge kext to OC : Path=Other\VoodooPS2Controller.kext\Contents\PlugIns\VoodooPS2Mouse.kext
33:167  0:002  Bridge kext to OC : Path=Other\VoodooPS2Controller.kext\Contents\PlugIns\VoodooInput.kext
33:169  0:002  Bridge kext to OC : Path=Other\SMCLightSensor.kext
33:171  0:002  Bridge kext to OC : Path=Other\UTBMap.kext
33:181  0:010  Start 'OpenRuntime.efi' : Status Success
33:181  0:000  OC: OcMiscEarlyInit...
33:181  0:000  OC: Got 0 drivers
33:181  0:000  OC: OpenCore DBG-102-2026-01-09 is loading in Optional mode (0/0)...
33:181  0:000  OC: OcMiscEarlyInit=Success
33:181  0:000  OC: OcMiscMiddleInit...
33:181  0:000  UEFI Quirks
33:181  0:000  EBSD 0  TST 0  AHS 0  DSP 0  EVA 0  EV 0  FUS 0  IIFR 0  RGB 0  RUPR 0  RUO 0  ROR 0  RBVR 0  SRP 0  UFC 0  FOWF 0
33:181  0:000  Kernel quirks
33:181  0:000  ACPCL 1 AXCL 1 AXEM 0 AXFB 0 CSG 0 DIM 1 DLJ 1 DRC 0 DPM 0 EBTFF 0 EDI 0 FAI 0 IPBS 0 LKP 0 PNKD 1 PTKP 1 TPD 0 XPL 0 PCC 0
33:181  0:000  OC: StorageHandle 0 with  LauncherOption pointing to 
33:181  0:000  OC: OcLoadUefiSupport...
33:181  0:000  OcOSInfoInstallProtocol
33:181  0:000  OCRTC: OcAppleRtcRamInstallProtocol
33:182  0:000  OCRTC: Wake log is 0x53 0x42  83 0x48
33:182  0:000  OcAppleFbInfoInstallProtocol
33:182  0:000  OcAppleEg2InfoInstallProtocol
33:182  0:000  OCEG: Discovered rotate NVRAM override to 0
33:182  0:000  OC: Loading Apple Secure Boot with Disabled (level 0)
33:182  0:000  OCABC: ALRBL 0 RTDFRG 1 DEVMMIO 1 NOSU 0 NOVRWR 0 NOSB 0 FBSIG 0 NOHBMAP 0 SMSLIDE 1 WRUNPROT 0
33:182  0:000  OCABC: FEXITBS 0 PRMRG 0 CSLIDE 1 MSLIDE 0 PRSRV 1 RBMAP 1 VMAP 1 APPLOS 0 RTPERMS 1 ARBAR -1 RBIO 0
33:182  0:000  OCABC: Got rendezvous with OpenRuntime r12
33:182  0:000  OCABC: MAT support is 1
33:182  0:000  OC: RequestBootVarRouting 0
33:183  0:000  OCDM: Found 0x20046/0x20046 UEFI version (376 bytes, 0 rebuilding to 376) gST 966BA018 gBS 71C13D90 gBS->CreateEventEx 940B54E8 &gBS 71BAE280
33:183  0:000  OC: Setting GPU BARs to 0
33:183  0:000  OCDM: RBAR using PciIo
33:183  0:000  OCDM: Setting RBAR to 0 inc 1 on 2/19
33:183  0:000  OCDM: RBAR is unsupported by device - Not Found
33:183  0:000  OC: Got 0 drivers
33:183  0:000  OCC: GOP exists on ConsoleOutHandle and has 5 modes
33:183  0:000  OCC: Looking for GOP replacement due to blit-only GOP
33:183  0:000  OCC: Alternative GOP status is - Success
33:183  0:000  OCC: Checking alternative GOP mode 1 - Success
33:183  0:000  OC: Requested resolution is 1920x1080@0 (max: 0, force: 0) from 1920x1080
33:183  0:000  OCC: Using builtin text renderer with 1 scale
33:183  0:000  OCC: Install console control (71B97AD0/71BDCC38/0), current - Success
33:183  0:000  OCC: Setup ASCII Output - Success
33:183  0:000  OC: Requested console mode is 0x0 (max: 0) from 
33:183  0:000  OC: OcMiscLateInit...
33:183  0:000  OC: Invalid HibernateMode: 
33:183  0:000  OC: Translated HibernateMode  to 0
33:184  0:000  OC: Hibernation activation - Invalid Parameter, hibernation wake - no
33:184  0:000  OC: OcLoadKernelSupport...
33:184  0:000  OC: All green, starting boot management...
33:184  0:000  OCABC: IsEfiBootRt 0 (BP 1, Apple 0)
33:185  0:000  OCB: Arch filtering 8DE3E018(723512)->8DE3E018(723512) caps 0 - Success
33:188  0:003  ImageHandle = 8d1b1518
33:273  0:084  GetOSVersion: 13.7.8 (v)
33:273  0:000  Filtering KextPatches:
33:273  0:000   - [00]: Disable FileVault :: BinPatch :: [OS: 13.7.8 | MatchOS: 26.x | MatchBuild: All]
33:274  0:000   check MatchOS 26.x
33:274  0:000   ==> not allowed
33:274  0:000   - [01]: Prevent Apple I2C kexts from attaching to I2C controllers, credit CoolStar :: PlistPatch :: [OS: 13.7.8 | MatchOS: All | MatchBuild: All] ==> allowed
33:274  0:000   - [02]: Prevent Apple I2C kexts from attaching to I2C controllers, credit CoolStar :: PlistPatch :: [OS: 13.7.8 | MatchOS: All | MatchBuild: All] ==> allowed
33:274  0:000   - [03]: Prevent Apple SMBus kexts from attaching to SMBUS controller :: PlistPatch :: [OS: 13.7.8 | MatchOS: All | MatchBuild: All] ==> disabled by user
33:274  0:000   - [04]: Prevent Apple SMBus kexts from attaching to SMBUS controller :: PlistPatch :: [OS: 13.7.8 | MatchOS: All | MatchBuild: All] ==> disabled by user
33:274  0:000  Will not patch boot.efi
33:274  0:000  Using latest BiosVersion from config instead of default 'MBP163.88Z.F000.B00.2303040347'
33:274  0:000  Using latest BiosReleaseDate from config instead of default '03/04/2023'
33:274  0:000  Using latest EfiVersion from config instead of default '1968.100.17.0.0'
33:274  0:000  BiosVersion: MBP164.88Z.F000.B00.2310052035
33:274  0:000  BiosReleaseDate: 10/05/2023
33:274  0:000  EfiVersion: 2020.41.1.0.0
33:274  0:000  SMBIOS reloaded with model MacBookPro16,3
33:274  0:000  boardID from config: 
33:274  0:000  boardID from gSettings: Mac-A61BADE1FDAD7B05
33:274  0:000  chosen SMBIOS auto
33:274  0:000  Set FakeCPUID: 0x806E9
33:274  0:000  Bridge com.apple.driver.AppleIntelLpssI2C patch to OC : Prevent Apple I2C kexts from attaching to I2C controllers, credit CoolStar
33:274  0:000  Bridge com.apple.driver.AppleIntelLpssI2CController patch to OC : Prevent Apple I2C kexts from attaching to I2C controllers, credit CoolStar
33:274  0:000  === [ PatchSmbios ] =============================
33:274  0:000  UpdateSmbiosString : BiosVersion=EfiVersion=2020.41.1.0.0
33:274  0:000  UpdateSmbiosString : ReleaseDate=10/05/2023
33:274  0:000  void PatchTableType1(const SmbiosInjectedSettings&) : UpdateSmbiosString ProductName=MacBookPro16,3
33:274  0:000  void PatchTableType2(const SmbiosInjectedSettings&) : UpdateSmbiosString ProductName=BoardNumber=Mac-A61BADE1FDAD7B05
33:274  0:000  void PatchTableType2(const SmbiosInjectedSettings&) : UpdateSmbiosString Version=BoardVersion=MacBookPro16,4
33:274  0:000  insert table 9 for dev 1F:6
33:274  0:000  insert table 9 for dev 14:3
33:276  0:001  Do not inject memory table
33:276  0:000  Trusting SMBIOS...
33:276  0:000  Channels: 1
33:276  0:000  Interleave: 0 1
33:276  0:000  trusted SMBIOS data, table index 0:
33:276  0:000    gRAM.SMBIOS[0]->ModuleSize = 8192
33:276  0:000    gRAM.SMBIOS[0]->Type = 0
33:276  0:000    gRAM.SMBIOS[0]->Frequency = 3200
33:276  0:000    gRAM.SMBIOS[0]->Vendor = Samsung
33:276  0:000    gRAM.SMBIOS[0]->PartNo = M471A1G44AB0-CWE
33:276  0:000    gRAM.SMBIOS[0]->SerialNo = 00000000
33:276  0:000    Type17->Manufacturer corrected by SMBIOS from NoName to Samsung
33:276  0:000    SMBIOS Type 17 Index = 0 => SMBIOSIndex=0 SPDIndex=0:
33:276  0:000  BANK 0 DIMM0 3200MHz 8192MB(Ext:0MB)
33:276  0:000  trusted SMBIOS data, table index 1:
33:276  0:000    gRAM.SMBIOS[1]->ModuleSize = 8192
33:276  0:000    gRAM.SMBIOS[1]->Type = 0
33:276  0:000    gRAM.SMBIOS[1]->Frequency = 3200
33:276  0:000    gRAM.SMBIOS[1]->Vendor = 0194
33:276  0:000    gRAM.SMBIOS[1]->PartNo = SMS4WEC8C1K0446FCG
33:276  0:000    gRAM.SMBIOS[1]->SerialNo = 028D445A
33:276  0:000  SPD data in use:
33:276  0:000    gRAM.SPD[1]->ModuleSize = 8192
33:276  0:000    gRAM.SPD[1]->Type = 26
33:276  0:000    gRAM.SPD[1]->Frequency = 3200
33:276  0:000    gRAM.SPD[1]->Vendor = Smart Modular
33:276  0:000    gRAM.SPD[1]->SerialNo = 028D445A
33:276  0:000    gRAM.SPD[1]->PartNo = SMS4WEC8C1K0446FCG
33:276  0:000    SMBIOS Type 17 Index = 1 => SMBIOSIndex=1 SPDIndex=1:
33:276  0:000  BANK 0 DIMM1 3200MHz 8192MB(Ext:0MB)
33:276  0:000  mTotalSystemMemory = 16384
33:276  0:000  NumberOfMemoryDevices = 2
33:276  0:000  Table 131 is present, CPUType=1E
33:276  0:000  Change to: 60A
33:276  0:000  Table 133 is present, PlatformFeature=494748494F484B01
33:276  0:000  Change to: 32
33:276  0:000  === [ PatchACPI ] ===============================
33:276  0:000  Xsdt reallocation done
33:276  0:000  old FADT length=114
33:276  0:000   SignatureFixup: 0x2843 -> 0x0
33:277  0:001  Apply DsdtFixMask=0x40400002
33:277  0:000  === [ FixBiosDsdt ] =============================
33:277  0:000  Patching DSDT:
33:277  0:000   - [EC _STA to XSTA Rename]: pattern 2B5F5354, patched at: [1E03C]
33:278  0:000   - [INIT: OINIT to ZINI]: pattern 14471A4F, bin not found / already patched!
33:278  0:000   - [Battery: BAT0 to BATX]: pattern 86424154, patched at: [13CE0, D, D, D, 15]
33:279  0:000   - [Battery: Change HWAC to XWAC EC reads]: pattern 45435F5F, patched at: [1706F, 2C19]
33:280  0:000   - [S3 Sleep: GRPW to ZRPW]: pattern 47505257, patched at: [19009]
33:280  0:000   - [S3 Sleep: _WAK to ZWAK(1,S)]: pattern 5F57414B, patched at: [17296]
33:281  0:000   - [S3 Sleep: _PTS to ZPTS]: pattern 5F505453, patched at: [1090, 158DC, 13, 7E, C]
33:281  0:000   - [Thunderbolt 3: RP09:_PS0 to RP09:XPS0]: pattern 5F505330, patched at: [1F9, 6A35, 1F, 68, 67F, 12C, 73CB, 2C8, 7, 7D4, 7, 7D5, 7, 19BD, 93, 93, 140, 93, 93, 93, 93, 93, FB, 66, 66, 466, D5, D5, 28D]
33:282  0:000   - [Thunderbolt 3:  RP09:_PS3 to RP09:XPS3]: pattern 5F505333, patched at: [20F, 6A4E, 1F, AB, 54A, 232, 73BB, 26E, 7, 7D4, 7, 7D5, 7, 19D3, 93, 93, 140, 93, 93, 93, 93, 93, FB, 66, 66, 464, D5, D5, 2DC]
33:282  0:000   - [Thunderbolt 3: NTFY to XTFY]: pattern 1443474E, bin not found / already patched!
33:283  0:000   - [XHC1: _UPC to XUPC]: pattern 5F555043, bin not found / already patched!
33:283  0:000   - [XHC1: _PS0 to XPS0]: pattern 1442105F, bin not found / already patched!
33:284  0:000   - [XHC1: _PS3 to XPS3]: pattern 14463F5F, bin not found / already patched!
33:284  0:000   - [TB: _L6F to XL6F]: pattern 5F4C3646, patched at: [1A05B, 6]
33:285  0:000   - [change _S3 to XS3]: pattern 5F53335F, patched at: [213F3]
33:286  0:000   - [change USTP to XSTP]: pattern 55535450, patched at: [239E]
33:286  0:000   - [change Method(GPRW,2,N) to XPRW, pair with SSDT-GPRW.aml]: pattern 4C475041, bin not found / already patched!
33:287  0:001   deleting device CRT_
33:294  0:007   deleting device DVI_
33:302  0:007   deleting device SPKR
33:307  0:005   deleting device ECP_
33:314  0:007   deleting device LPT_
33:322  0:007   deleting device FDC0
33:329  0:007   deleting device ECP1
33:337  0:007   deleting device LPT1
33:344  0:007   deleting device FDC_
33:351  0:007  Start Mutex Fix
33:354  0:003  Name _OSI present at 0x18396, renaming to OOSI
33:354  0:000  Name _OSI present at 0x1839D, renaming to OOSI
33:354  0:000  Name _OSI present at 0x183CB, renaming to OOSI
33:354  0:000  Name _OSI present at 0x183F1, renaming to OOSI
33:354  0:000  Name _OSI present at 0x18418, renaming to OOSI
33:354  0:000  Name _OSI present at 0x1843A, renaming to OOSI
33:354  0:000  Name _OSI present at 0x1845C, renaming to OOSI
33:354  0:000  Name _OSI present at 0x1847E, renaming to OOSI
33:354  0:000  Name _OSI present at 0x184A0, renaming to OOSI
33:354  0:000  Name _OSI present at 0x184C2, renaming to OOSI
33:354  0:000  Name _OSI present at 0x184DD, renaming to OOSI
33:354  0:000  Name _OSI present at 0x19910, renaming to OOSI
33:355  0:000  PreCleanup XSDT: count=27, length=252
33:355  0:000  PreCleanup XSDT, corrected XSDT: count=27, length=252
33:355  0:000  === [ ACPIPatchedAML ] ==========================
33:355  0:000  AutoMerge pass 1
33:355  0:000  Unsorted
33:355  0:000  Inserting SSDT-PMCR.aml from \EFI\CLOVER\ACPI\patched: ignore on pass 1
33:355  0:000  Inserting SSDT-ECFAN.aml from \EFI\CLOVER\ACPI\patched: ignore on pass 1
33:355  0:000  Inserting SSDT-PNLF-SX.aml from \EFI\CLOVER\ACPI\patched: ignore on pass 1
33:355  0:000  Inserting SSDT-BAT0-YOGA.aml from \EFI\CLOVER\ACPI\patched: ignore on pass 1
33:355  0:000  Inserting SSDT-Darwin.aml from \EFI\CLOVER\ACPI\patched: ignore on pass 1
33:355  0:000  Inserting SSDT-ECT14.aml from \EFI\CLOVER\ACPI\patched: ignore on pass 1
33:355  0:000  Inserting SSDT-YVPC0.aml from \EFI\CLOVER\ACPI\patched: ignore on pass 1
33:355  0:000  Inserting SSDT-GPRW.aml from \EFI\CLOVER\ACPI\patched: ignore on pass 1
33:355  0:000  Inserting SSDT-OSI.aml from \EFI\CLOVER\ACPI\patched: ignore on pass 1
33:355  0:000  Inserting SSDT-XOSI.aml from \EFI\CLOVER\ACPI\patched: ignore on pass 1
33:355  0:000  Inserting SSDT-WAK.aml from \EFI\CLOVER\ACPI\patched: ignore on pass 1
33:355  0:000  Inserting SSDT-PLUGSX.aml from \EFI\CLOVER\ACPI\patched: ignore on pass 1
33:355  0:000  Inserting SSDT-Fans-TPS.aml from \EFI\CLOVER\ACPI\patched: ignore on pass 1
33:355  0:000  Inserting DMAR.aml from \EFI\CLOVER\ACPI\patched: size=200 @22 ... Success
33:356  0:000  Inserting SSDT-TBJHL62.aml from \EFI\CLOVER\ACPI\patched: ignore on pass 1
33:356  0:000  Inserting SSDT-HPET-SXTA.aml from \EFI\CLOVER\ACPI\patched: ignore on pass 1
33:356  0:000  Inserting SSDT-FIXPWDEV.aml from \EFI\CLOVER\ACPI\patched: ignore on pass 1
33:356  0:000  Inserting SSDT-EXTRAS.aml from \EFI\CLOVER\ACPI\patched: ignore on pass 1
33:356  0:000  Inserting SSDT-MCHCSBUS.aml from \EFI\CLOVER\ACPI\patched: ignore on pass 1
33:356  0:000  Inserting SSDT-GPI0_GPHD.aml from \EFI\CLOVER\ACPI\patched: ignore on pass 1
33:356  0:000  Inserting SSDT-HWAC.aml from \EFI\CLOVER\ACPI\patched: ignore on pass 1
33:356  0:000  Inserting SSDT-INIT.aml from \EFI\CLOVER\ACPI\patched: ignore on pass 1
33:356  0:000  Inserting SSDT-PTWK.aml from \EFI\CLOVER\ACPI\patched: ignore on pass 1
33:356  0:000  Inserting SSDT-KBD-T14.aml from \EFI\CLOVER\ACPI\patched: ignore on pass 1
33:356  0:000  Inserting SSDT-YOGAEC.aml from \EFI\CLOVER\ACPI\patched: ignore on pass 1
33:356  0:000  Inserting SSDT-HEC3.aml from \EFI\CLOVER\ACPI\patched: ignore on pass 1
33:356  0:000  Inserting SSDT-YOGASX.aml from \EFI\CLOVER\ACPI\patched: ignore on pass 1
33:356  0:000  Inserting SSDT-EC2736.aml from \EFI\CLOVER\ACPI\patched: ignore on pass 1
33:356  0:000  Inserting SSDT-YVPCLEN0268.aml from \EFI\CLOVER\ACPI\patched: ignore on pass 1
33:356  0:000  Inserting SSDT-SLEEP.aml from \EFI\CLOVER\ACPI\patched: ignore on pass 1
33:356  0:000  Inserting SSDT-RTCAWAC.aml from \EFI\CLOVER\ACPI\patched: ignore on pass 1
33:356  0:000  Inserting SSDT-Fans-TPEC.aml from \EFI\CLOVER\ACPI\patched: ignore on pass 1
33:356  0:000  Inserting SSDT-BATXAW.aml from \EFI\CLOVER\ACPI\patched: ignore on pass 1
33:356  0:000  === [ ACPIDropTables ] ==========================
33:356  0:000  Patching SSDTs: 17 patches each
33:356  0:000   pattern 2B5F5354, bin not found / already patched!
33:356  0:000   pattern 14471A4F, bin not found / already patched!
33:356  0:000   pattern 86424154, bin not found / already patched!
33:356  0:000   pattern 45435F5F, bin not found / already patched!
33:356  0:000   pattern 47505257, bin not found / already patched!
33:356  0:000   pattern 5F57414B, bin not found / already patched!
33:356  0:000   pattern 5F505453, bin not found / already patched!
33:356  0:000   pattern 5F505330, bin not found / already patched!
33:356  0:000   pattern 5F505333, bin not found / already patched!
33:356  0:000   pattern 1443474E, bin not found / already patched!
33:356  0:000   pattern 5F555043, bin not found / already patched!
33:356  0:000   pattern 1442105F, bin not found / already patched!
33:356  0:000   pattern 14463F5F, bin not found / already patched!
33:356  0:000   pattern 5F4C3646, bin not found / already patched!
33:356  0:000   pattern 5F53335F, bin not found / already patched!
33:356  0:000   pattern 55535450, bin not found / already patched!
33:356  0:000   pattern 4C475041, bin not found / already patched!
33:356  0:000  Found OperationRegion(PNVS, SystemMemory, 9996D000, ...)
33:356  0:000  Patching SSDTs: 17 patches each
33:356  0:000   pattern 2B5F5354, bin not found / already patched!
33:356  0:000   pattern 14471A4F, bin not found / already patched!
33:356  0:000   pattern 86424154, bin not found / already patched!
33:356  0:000   pattern 45435F5F, bin not found / already patched!
33:356  0:000   pattern 47505257, bin not found / already patched!
33:356  0:000   pattern 5F57414B, bin not found / already patched!
33:356  0:000   pattern 5F505453, bin not found / already patched!
33:357  0:000   pattern 5F505330, bin not found / already patched!
33:357  0:000   pattern 5F505333, bin not found / already patched!
33:357  0:000   pattern 1443474E, bin not found / already patched!
33:357  0:000   pattern 5F555043, bin not found / already patched!
33:357  0:000   pattern 1442105F, bin not found / already patched!
33:357  0:000   pattern 14463F5F, bin not found / already patched!
33:357  0:000   pattern 5F4C3646, bin not found / already patched!
33:357  0:000   pattern 5F53335F, bin not found / already patched!
33:357  0:000   pattern 55535450, bin not found / already patched!
33:357  0:000   pattern 4C475041, bin not found / already patched!
33:357  0:000  Found OperationRegion(MBAR, SystemMemory, FED15000, ...)
33:357  0:000  Patching SSDTs: 17 patches each
33:357  0:000   pattern 2B5F5354, bin not found / already patched!
33:357  0:000   pattern 14471A4F, bin not found / already patched!
33:357  0:000   pattern 86424154, bin not found / already patched!
33:357  0:000   pattern 45435F5F, bin not found / already patched!
33:357  0:000   pattern 47505257, bin not found / already patched!
33:357  0:000   pattern 5F57414B, bin not found / already patched!
33:357  0:000   pattern 5F505453, bin not found / already patched!
33:357  0:000   pattern 5F505330, bin not found / already patched!
33:357  0:000   pattern 5F505333, bin not found / already patched!
33:357  0:000   pattern 1443474E, bin not found / already patched!
33:357  0:000   pattern 5F555043, bin not found / already patched!
33:357  0:000   pattern 1442105F, bin not found / already patched!
33:357  0:000   pattern 14463F5F, bin not found / already patched!
33:357  0:000   pattern 5F4C3646, bin not found / already patched!
33:357  0:000   pattern 5F53335F, bin not found / already patched!
33:357  0:000   pattern 55535450, bin not found / already patched!
33:357  0:000   pattern 4C475041, bin not found / already patched!
33:358  0:000  Patching SSDTs: 17 patches each
33:358  0:000   pattern 2B5F5354, bin not found / already patched!
33:358  0:000   pattern 14471A4F, bin not found / already patched!
33:358  0:000   pattern 86424154, bin not found / already patched!
33:358  0:000   pattern 45435F5F, bin not found / already patched!
33:358  0:000   pattern 47505257, bin not found / already patched!
33:358  0:000   pattern 5F57414B, bin not found / already patched!
33:358  0:000   pattern 5F505453, bin not found / already patched!
33:358  0:000   pattern 5F505330, bin not found / already patched!
33:358  0:000   pattern 5F505333, bin not found / already patched!
33:358  0:000   pattern 1443474E, bin not found / already patched!
33:358  0:000   pattern 5F555043, bin not found / already patched!
33:358  0:000   pattern 1442105F, bin not found / already patched!
33:358  0:000   pattern 14463F5F, bin not found / already patched!
33:358  0:000   pattern 5F4C3646, bin not found / already patched!
33:358  0:000   pattern 5F53335F, bin not found / already patched!
33:358  0:000   pattern 55535450, bin not found / already patched!
33:358  0:000   pattern 4C475041, bin not found / already patched!
33:358  0:000  Found OperationRegion(SANV, SystemMemory, 994A8018, ...)
33:358  0:000  Patching SSDTs: 17 patches each
33:358  0:000   pattern 2B5F5354, bin not found / already patched!
33:358  0:000   pattern 14471A4F, bin not found / already patched!
33:358  0:000   pattern 86424154, bin not found / already patched!
33:359  0:000   pattern 45435F5F, bin not found / already patched!
33:359  0:000   pattern 47505257, bin not found / already patched!
33:359  0:000   pattern 5F57414B, bin not found / already patched!
33:359  0:000   pattern 5F505453, bin not found / already patched!
33:359  0:000   pattern 5F505330, patched at: [1299]
33:359  0:000   pattern 5F505333, patched at: [12F6]
33:359  0:000   pattern 1443474E, bin not found / already patched!
33:359  0:000   pattern 5F555043, bin not found / already patched!
33:359  0:000   pattern 1442105F, bin not found / already patched!
33:359  0:000   pattern 14463F5F, bin not found / already patched!
33:359  0:000   pattern 5F4C3646, bin not found / already patched!
33:359  0:000   pattern 5F53335F, bin not found / already patched!
33:359  0:000   pattern 55535450, bin not found / already patched!
33:359  0:000   pattern 4C475041, bin not found / already patched!
33:359  0:000  Patching SSDTs: 17 patches each
33:359  0:000   pattern 2B5F5354, bin not found / already patched!
33:359  0:000   pattern 14471A4F, bin not found / already patched!
33:359  0:000   pattern 86424154, bin not found / already patched!
33:359  0:000   pattern 45435F5F, bin not found / already patched!
33:359  0:000   pattern 47505257, bin not found / already patched!
33:359  0:000   pattern 5F57414B, bin not found / already patched!
33:359  0:000   pattern 5F505453, bin not found / already patched!
33:359  0:000   pattern 5F505330, bin not found / already patched!
33:359  0:000   pattern 5F505333, bin not found / already patched!
33:359  0:000   pattern 1443474E, bin not found / already patched!
33:359  0:000   pattern 5F555043, bin not found / already patched!
33:359  0:000   pattern 1442105F, bin not found / already patched!
33:359  0:000   pattern 14463F5F, bin not found / already patched!
33:359  0:000   pattern 5F4C3646, bin not found / already patched!
33:359  0:000   pattern 5F53335F, bin not found / already patched!
33:359  0:000   pattern 55535450, bin not found / already patched!
33:359  0:000   pattern 4C475041, bin not found / already patched!
33:359  0:000  Patching SSDTs: 17 patches each
33:359  0:000   pattern 2B5F5354, bin not found / already patched!
33:359  0:000   pattern 14471A4F, bin not found / already patched!
33:359  0:000   pattern 86424154, bin not found / already patched!
33:359  0:000   pattern 45435F5F, bin not found / already patched!
33:359  0:000   pattern 47505257, bin not found / already patched!
33:359  0:000   pattern 5F57414B, bin not found / already patched!
33:359  0:000   pattern 5F505453, bin not found / already patched!
33:359  0:000   pattern 5F505330, bin not found / already patched!
33:360  0:000   pattern 5F505333, bin not found / already patched!
33:360  0:000   pattern 1443474E, bin not found / already patched!
33:360  0:000   pattern 5F555043, patched at: [437, 57, 4F, 57, 57, 4F, 57, 57, 57, 57, 57, 57, 4F, 57, 57, 4F, 7A, 53]
33:360  0:000   pattern 1442105F, bin not found / already patched!
33:360  0:000   pattern 14463F5F, bin not found / already patched!
33:360  0:000   pattern 5F4C3646, bin not found / already patched!
33:360  0:000   pattern 5F53335F, bin not found / already patched!
33:360  0:000   pattern 55535450, bin not found / already patched!
33:360  0:000   pattern 4C475041, bin not found / already patched!
33:360  0:000  Patching SSDTs: 17 patches each
33:360  0:000   pattern 2B5F5354, bin not found / already patched!
33:360  0:000   pattern 14471A4F, bin not found / already patched!
33:360  0:000   pattern 86424154, bin not found / already patched!
33:360  0:000   pattern 45435F5F, bin not found / already patched!
33:360  0:000   pattern 47505257, bin not found / already patched!
33:360  0:000   pattern 5F57414B, bin not found / already patched!
33:360  0:000   pattern 5F505453, bin not found / already patched!
33:360  0:000   pattern 5F505330, bin not found / already patched!
33:360  0:000   pattern 5F505333, bin not found / already patched!
33:360  0:000   pattern 1443474E, bin not found / already patched!
33:360  0:000   pattern 5F555043, patched at: [249, 5B, 5B, 5B, 5B, 5B, 298, 59, 45, 34, 34, 34]
33:360  0:000   pattern 1442105F, bin not found / already patched!
33:360  0:000   pattern 14463F5F, bin not found / already patched!
33:360  0:000   pattern 5F4C3646, bin not found / already patched!
33:360  0:000   pattern 5F53335F, bin not found / already patched!
33:361  0:000   pattern 55535450, bin not found / already patched!
33:361  0:000   pattern 4C475041, bin not found / already patched!
33:361  0:000  Patching SSDTs: 17 patches each
33:361  0:000   pattern 2B5F5354, bin not found / already patched!
33:361  0:000   pattern 14471A4F, bin not found / already patched!
33:361  0:000   pattern 86424154, bin not found / already patched!
33:361  0:000   pattern 45435F5F, bin not found / already patched!
33:361  0:000   pattern 47505257, bin not found / already patched!
33:361  0:000   pattern 5F57414B, bin not found / already patched!
33:361  0:000   pattern 5F505453, bin not found / already patched!
33:361  0:000   pattern 5F505330, bin not found / already patched!
33:361  0:000   pattern 5F505333, bin not found / already patched!
33:361  0:000   pattern 1443474E, bin not found / already patched!
33:361  0:000   pattern 5F555043, patched at: [53A, 71, 77, 4D, 5C, 5B, 59, 33, 3D4, 71, 77, 4D, 5C, 5B, 59, 33, 3D4, 71, 77, 4D, 5C, 5B, 59, 33, 3D4, 71, 77, 4D, 5C, 5B, 59, 33, 3D4, 71, 77, 4D, 5C, 5B, 59, 33, 3D4, 71, 77, 4D, 5C, 5B, 59, 33]
33:361  0:000   pattern 1442105F, bin not found / already patched!
33:361  0:000   pattern 14463F5F, bin not found / already patched!
33:361  0:000   pattern 5F4C3646, bin not found / already patched!
33:361  0:000   pattern 5F53335F, bin not found / already patched!
33:361  0:000   pattern 55535450, bin not found / already patched!
33:361  0:000   pattern 4C475041, bin not found / already patched!
33:361  0:000  === [ ACPIPatchedAML ] ==========================
33:361  0:000  AutoMerge pass 2
33:361  0:000  Unsorted
33:361  0:000  Inserting SSDT-PMCR.aml from \EFI\CLOVER\ACPI\patched: size=143 ... Success
33:362  0:000  Inserting SSDT-ECFAN.aml from \EFI\CLOVER\ACPI\patched: size=175 ... Success
33:362  0:000  Inserting SSDT-PNLF-SX.aml from \EFI\CLOVER\ACPI\patched: size=1110 ... Success
33:362  0:000  Inserting SSDT-BAT0-YOGA.aml from \EFI\CLOVER\ACPI\patched: size=104 ... Success
33:363  0:000  Inserting SSDT-Darwin.aml from \EFI\CLOVER\ACPI\patched: size=139 ... Success
33:363  0:000  Inserting SSDT-ECT14.aml from \EFI\CLOVER\ACPI\patched: size=131 ... Success
33:363  0:000  Inserting SSDT-YVPC0.aml from \EFI\CLOVER\ACPI\patched: size=102 ... Success
33:364  0:000  Inserting SSDT-GPRW.aml from \EFI\CLOVER\ACPI\patched: size=97 ... Success
33:364  0:000  Inserting SSDT-OSI.aml from \EFI\CLOVER\ACPI\patched: size=311 ... Success
33:364  0:000  Inserting SSDT-XOSI.aml from \EFI\CLOVER\ACPI\patched: size=323 ... Success
33:365  0:000  Inserting SSDT-WAK.aml from \EFI\CLOVER\ACPI\patched: size=93 ... Success
33:365  0:000  Inserting SSDT-PLUGSX.aml from \EFI\CLOVER\ACPI\patched: size=161 ... Success
33:365  0:000  Inserting SSDT-Fans-TPS.aml from \EFI\CLOVER\ACPI\patched: size=228 ... Success
33:366  0:000  Inserting SSDT-TBJHL62.aml from \EFI\CLOVER\ACPI\patched: size=7231 ... Success
33:366  0:000  Inserting SSDT-HPET-SXTA.aml from \EFI\CLOVER\ACPI\patched: size=318 ... Success
33:366  0:000  Inserting SSDT-FIXPWDEV.aml from \EFI\CLOVER\ACPI\patched: size=423 ... Success
33:366  0:000  Inserting SSDT-EXTRAS.aml from \EFI\CLOVER\ACPI\patched: size=679 ... Success
33:367  0:000  Inserting SSDT-MCHCSBUS.aml from \EFI\CLOVER\ACPI\patched: size=316 ... Success
33:367  0:000  Inserting SSDT-GPI0_GPHD.aml from \EFI\CLOVER\ACPI\patched: size=71 ... Success
33:367  0:000  Inserting SSDT-HWAC.aml from \EFI\CLOVER\ACPI\patched: size=194 ... Success
33:368  0:000  Inserting SSDT-INIT.aml from \EFI\CLOVER\ACPI\patched: size=255 ... Success
33:368  0:000  Inserting SSDT-PTWK.aml from \EFI\CLOVER\ACPI\patched: size=372 ... Success
33:368  0:000  Inserting SSDT-KBD-T14.aml from \EFI\CLOVER\ACPI\patched: size=670 ... Success
33:369  0:000  Inserting SSDT-YOGAEC.aml from \EFI\CLOVER\ACPI\patched: size=101 ... Success
33:369  0:000  Inserting SSDT-HEC3.aml from \EFI\CLOVER\ACPI\patched: size=303 ... Success
33:369  0:000  Inserting SSDT-YOGASX.aml from \EFI\CLOVER\ACPI\patched: size=535 ... Success
33:370  0:000  Inserting SSDT-EC2736.aml from \EFI\CLOVER\ACPI\patched: size=736 ... Success
33:370  0:000  Inserting SSDT-YVPCLEN0268.aml from \EFI\CLOVER\ACPI\patched: size=143 ... Success
33:370  0:000  Inserting SSDT-SLEEP.aml from \EFI\CLOVER\ACPI\patched: size=1123 ... Success
33:371  0:000  Inserting SSDT-RTCAWAC.aml from \EFI\CLOVER\ACPI\patched: size=78 ... Success
33:371  0:000  Inserting SSDT-Fans-TPEC.aml from \EFI\CLOVER\ACPI\patched: size=223 ... Success
33:371  0:000  Inserting SSDT-BATXAW.aml from \EFI\CLOVER\ACPI\patched: size=7082 ... Success
33:372  0:000  ApicCPUNum=8
33:372  0:000  Cleanup XSDT: count=59, length=508
33:372  0:000  corrected XSDT count=59, length=508
33:372  0:000  === [ RestSetup macOS ] =========================
33:372  0:000  EdidDiscovered size=128
33:372  0:000  --- Discovered EDID Table size:128
33:372  0:000  000  |  00  FF  FF  FF  FF  FF  FF  00  09  E5
33:372  0:000  010  |  C9  07  00  00  00  00  01  1C  01  04
33:372  0:000  020  |  A5  1E  11  78  02  FB  90  95  5D  59
33:372  0:000  030  |  94  29  23  50  54  00  00  00  01  01
33:372  0:000  040  |  01  01  01  01  01  01  01  01  01  01
33:372  0:000  050  |  01  01  01  01  39  37  80  DE  70  38
33:372  0:000  060  |  14  40  30  20  36  00  35  AD  10  00
33:372  0:000  070  |  00  1A  2D  2C  80  DE  70  38  14  40
33:372  0:000  080  |  30  20  36  00  35  AD  10  00  00  1A
33:372  0:000  090  |  00  00  00  FE  00  42  4F  45  20  43
33:372  0:000  100  |  51  0A  20  20  20  20  20  20  00  00
33:372  0:000  110  |  00  FE  00  4E  56  31  34  30  46  48
33:372  0:000  120  |  4D  2D  4E  34  38  0A  00  78
33:372  0:000  add device: PciRoot(0x0)/Pci(0x14,0x3)
33:372  0:000     Add key=AAPL,slot-name valuelen=16
33:372  0:000     Add key=device_type valuelen=19
33:372  0:000     Add key=model valuelen=28
33:372  0:000  add device: PciRoot(0x0)/Pci(0x1D,0x0)
33:372  0:000     Add key=AAPL,slot-name valuelen=16
33:372  0:000     Add key=device_type valuelen=11
33:372  0:000     Add key=model valuelen=34
33:372  0:000     Add key=pci-hotplug valuelen=4
33:372  0:000  add device: PciRoot(0x0)/Pci(0x1D,0x4)
33:372  0:000     Add key=AAPL,slot-name valuelen=16
33:372  0:000     Add key=built-in valuelen=9
33:372  0:000     Add key=device_type valuelen=11
33:372  0:000     Add key=model valuelen=38
33:372  0:000     Add key=pci-aspm-default valuelen=9
33:372  0:000     Add key=pci-hotplug valuelen=4
33:372  0:000  add device: PciRoot(0x0)/Pci(0x1D,0x4)/Pci(0x0,0x0)
33:372  0:000     Add key=AAPL,slot-name valuelen=20
33:372  0:000     Add key=device_type valuelen=31
33:372  0:000     Add key=model valuelen=64
33:372  0:000     Add key=pci-hotplug valuelen=4
33:372  0:000  add device: PciRoot(0x0)/Pci(0x1D,0x4)/Pci(0x0,0x0)/Pci(0x0,0x0)
33:372  0:000     Add key=AAPL,slot-name valuelen=24
33:372  0:000     Add key=built-in valuelen=9
33:372  0:000     Add key=device_type valuelen=11
33:372  0:000     Add key=model valuelen=64
33:372  0:000     Add key=pci-aspm-default valuelen=9
33:372  0:000     Add key=pci-hotplug valuelen=4
33:372  0:000  add device: PciRoot(0x0)/Pci(0x1D,0x4)/Pci(0x0,0x0)/Pci(0x1,0x0)/Pci(0x0,0x0)/Pci(0x1,0x0)
33:372  0:000     Add key=AAPL,slot-name valuelen=32
33:373  0:000     Add key=built-in valuelen=4
33:373  0:000     Add key=device_type valuelen=11
33:373  0:000     Add key=model valuelen=51
33:373  0:000     Add key=pci-aspm-default valuelen=4
33:373  0:000     Add key=pci-hotplug valuelen=4
33:373  0:000  add device: PciRoot(0x0)/Pci(0x1D,0x4)/Pci(0x0,0x0)/Pci(0x1,0x0)/Pci(0x0,0x0)/Pci(0x1,0x0)/Pci(0x0,0x0)
33:373  0:000     Add key=AAPL,slot-name valuelen=36
33:373  0:000     Add key=built-in valuelen=4
33:373  0:000     Add key=compatible valuelen=12
33:373  0:000     Add key=device-id valuelen=13
33:373  0:000     Add key=device_type valuelen=31
33:373  0:000     Add key=model valuelen=38
33:373  0:000     Add key=pci-aspm-default valuelen=4
33:373  0:000     Add key=pci-hotplug valuelen=4
33:373  0:000  add device: PciRoot(0x0)/Pci(0x1D,0x4)/Pci(0x0,0x0)/Pci(0x2,0x0)/Pci(0x0,0x0)
33:373  0:000     Add key=AAPL,slot-name valuelen=28
33:373  0:000     Add key=built-in valuelen=9
33:373  0:000     Add key=device_type valuelen=15
33:373  0:000     Add key=model valuelen=76
33:373  0:000     Add key=pci-aspm-default valuelen=9
33:373  0:000  add device: PciRoot(0x0)/Pci(0x1F,0x3)
33:373  0:000     Add key=AAPL,slot-name valuelen=16
33:373  0:000     Add key=alc-verbs valuelen=4
33:373  0:000     Add key=device-id valuelen=9
33:373  0:000     Add key=device_type valuelen=13
33:373  0:000     Add key=hda-gfx valuelen=10
33:373  0:000     Add key=layout-id valuelen=9
33:373  0:000     Add key=model valuelen=33
33:373  0:000  add device: PciRoot(0x0)/Pci(0x1F,0x4)
33:373  0:000     Add key=AAPL,slot-name valuelen=16
33:373  0:000     Add key=device_type valuelen=6
33:373  0:000     Add key=model valuelen=40
33:373  0:000  add device: PciRoot(0x0)/Pci(0x2,0x0)
33:373  0:000     Add key=AAPL,ig-platform-id valuelen=4
33:373  0:000     Add key=AAPL,slot-name valuelen=15
33:373  0:000     Add key=complete-modeset valuelen=4
33:373  0:000     Add key=complete-modeset-framebuffers valuelen=8
33:373  0:000     Add key=device-id valuelen=4
33:373  0:000     Add key=device_type valuelen=19
33:373  0:000     Add key=disable-external-gpu valuelen=4
33:373  0:000     Add key=enable-hdmi-dividers-fix valuelen=4
33:373  0:000     Add key=enable-hdmi20 valuelen=4
33:373  0:000     Add key=framebuffer-con1-busid valuelen=4
33:373  0:000     Add key=framebuffer-con1-enable valuelen=4
33:373  0:000     Add key=framebuffer-con1-flags valuelen=4
33:373  0:000     Add key=framebuffer-con1-index valuelen=4
33:373  0:000     Add key=framebuffer-con1-pipe valuelen=4
33:373  0:000     Add key=framebuffer-con1-type valuelen=4
33:373  0:000     Add key=framebuffer-con2-busid valuelen=4
33:373  0:000     Add key=framebuffer-con2-enable valuelen=4
33:373  0:000     Add key=framebuffer-con2-flags valuelen=4
33:373  0:000     Add key=framebuffer-con2-index valuelen=4
33:373  0:000     Add key=framebuffer-con2-pipe valuelen=4
33:373  0:000     Add key=framebuffer-con2-type valuelen=4
33:373  0:000     Add key=framebuffer-con3-busid valuelen=4
33:373  0:000     Add key=framebuffer-con3-enable valuelen=4
33:373  0:000     Add key=framebuffer-con3-flags valuelen=4
33:373  0:000     Add key=framebuffer-con3-index valuelen=4
33:373  0:000     Add key=framebuffer-con3-pipe valuelen=4
33:373  0:000     Add key=framebuffer-con3-type valuelen=4
33:373  0:000     Add key=framebuffer-fbmem valuelen=4
33:373  0:000     Add key=framebuffer-patch-enable valuelen=4
33:373  0:000     Add key=framebuffer-stolenmem valuelen=4
33:373  0:000     Add key=framebuffer-unifiedmem valuelen=4
33:373  0:000     Add key=hda-gfx valuelen=10
33:373  0:000     Add key=igfxfw valuelen=4
33:373  0:000     Add key=model valuelen=23
33:374  0:000  Intel UHD Graphics 620 [8086:9B41] :: PciRoot(0x0)\Pci(0x2,0x0)
33:374  0:000  found same device
33:374  0:000    ig-platform-id = 0x3e9b0000
33:374  0:000  Intel GFX revision  = 0x2
33:374  0:000   RCBA disabled; cannot use it
33:374  0:000  found same device
33:374  0:000   setting specified layout-id=14 (0xE)
33:375  0:001  stringlength = 11212
33:375  0:000  CurrentMode: Width=1920 Height=1080
33:375  0:000  SetNvramVariable (system-id, 4D1EDE05-38C7-4A6A-9CC6-4BCCA8B38C14, 0x2, 16): -> writing new (Success)
33:376  0:000  SetNvramVariable (MLB, 4D1EDE05-38C7-4A6A-9CC6-4BCCA8B38C14, 0x6, 17): -> writing new (Success)
33:376  0:000  SetNvramVariable (ROM, 4D1EDE05-38C7-4A6A-9CC6-4BCCA8B38C14, 0x6, 6): -> writing new (Success)
33:377  0:000  SetNvramVariable (FirmwareFeatures, 4D1EDE05-38C7-4A6A-9CC6-4BCCA8B38C14, 0x6, 4): -> writing new (Success)
33:377  0:000  SetNvramVariable (FirmwareFeaturesMask, 4D1EDE05-38C7-4A6A-9CC6-4BCCA8B38C14, 0x6, 4): -> writing new (Success)
33:378  0:000  SetNvramVariable (ExtendedFirmwareFeatures, 4D1EDE05-38C7-4A6A-9CC6-4BCCA8B38C14, 0x6, 8): -> writing new (Success)
33:378  0:000  SetNvramVariable (ExtendedFirmwareFeaturesMask, 4D1EDE05-38C7-4A6A-9CC6-4BCCA8B38C14, 0x6, 8): -> writing new (Success)
33:379  0:000  AddNvramVariable (HW_BID, 4D1EDE05-38C7-4A6A-9CC6-4BCCA8B38C14, 0x6, 20): -> writing new (Success)
33:379  0:000  SetNvramVariable (prev-lang:kbd, 7C436110-AB2A-4BBB-A880-FE41995C9F82, 0x6, 9): -> writing new (Success)
33:380  0:000  AddNvramVariable (security-mode, 7C436110-AB2A-4BBB-A880-FE41995C9F82, 0x6, 5): -> writing new (Success)
33:380  0:000  AddNvramVariable (backlight-level, 7C436110-AB2A-4BBB-A880-FE41995C9F82, 0x6, 2): -> writing new (Success)
33:381  0:000  DeleteNvramVariable (DefaultBackgroundColor, 4D1EDE05-38C7-4A6A-9CC6-4BCCA8B38C14):
33:381  0:000  SetNvramVariable (UIScale, 4D1EDE05-38C7-4A6A-9CC6-4BCCA8B38C14, 0x6, 1): -> writing new (Success)
33:382  0:000  SetNvramVariable (EFILoginHiDPI, 7C436110-AB2A-4BBB-A880-FE41995C9F82, 0x6, 4): -> writing new (Success)
33:382  0:000  SetNvramVariable (flagstate, 7C436110-AB2A-4BBB-A880-FE41995C9F82, 0x6, 32): -> writing new (Success)
33:382  0:000  SetNvramVariable (csr-active-config, 7C436110-AB2A-4BBB-A880-FE41995C9F82, 0x6, 4): exists(0x7, 4)DeleteNvramVariable (csr-active-config, 7C436110-AB2A-4BBB-A880-FE41995C9F82):
33:387  0:004  , diff. attr: deleting old (Success) -> writing new (Success)
33:387  0:000  DeleteNvramVariable (BridgeOSHardwareModel, 4D1EDE05-38C7-4A6A-9CC6-4BCCA8B38C14):
33:388  0:000  DeleteNvramVariable (bootercfg, 7C436110-AB2A-4BBB-A880-FE41995C9F82):
33:388  0:000  DeleteNvramVariable (nvda_drv, 7C436110-AB2A-4BBB-A880-FE41995C9F82):
33:388  0:000  DeleteNvramVariable (recovery-boot-mode, 7C436110-AB2A-4BBB-A880-FE41995C9F82):
33:388  0:000  AddNvramVariable (wake-failure, 7C436110-AB2A-4BBB-A880-FE41995C9F82, 0x6, 5): -> writing new (Success)
33:389  0:000  AddNvramVariable (bluetoothInternalControllerInfo, 7C436110-AB2A-4BBB-A880-FE41995C9F82, 0x6, 14): -> already exists, abort
33:389  0:000  AddNvramVariable (bluetoothExternalDongleFailed, 7C436110-AB2A-4BBB-A880-FE41995C9F82, 0x6, 1): -> already exists, abort
33:390  0:000  DeleteNvramVariable (opencore-version, 7C436110-AB2A-4BBB-A880-FE41995C9F82):
33:390  0:000  DeleteNvramVariable (ApBoardID, 94B73556-2197-4702-82A8-3E1337DAFBFB):
33:391  0:000  DeleteNvramVariable (ApSecurityDomain, 94B73556-2197-4702-82A8-3E1337DAFBFB):
33:391  0:000  DeleteNvramVariable (ApProductionStatus, 94B73556-2197-4702-82A8-3E1337DAFBFB):
33:391  0:000  DeleteNvramVariable (ApSecurityMode, 94B73556-2197-4702-82A8-3E1337DAFBFB):
33:391  0:000  DeleteNvramVariable (EffectiveProductionStatus, 94B73556-2197-4702-82A8-3E1337DAFBFB):
33:392  0:000  DeleteNvramVariable (EffectiveSecurityMode, 94B73556-2197-4702-82A8-3E1337DAFBFB):
33:392  0:000  DeleteNvramVariable (CertificateEpoch, 94B73556-2197-4702-82A8-3E1337DAFBFB):
33:392  0:000  DeleteNvramVariable (MixNMatchPreventionStatus, 94B73556-2197-4702-82A8-3E1337DAFBFB):
33:392  0:000  DeleteNvramVariable (CryptoDigestMethod, 94B73556-2197-4702-82A8-3E1337DAFBFB):
33:393  0:000  DeleteNvramVariable (InternalUseOnlyUnit, 94B73556-2197-4702-82A8-3E1337DAFBFB):
33:393  0:000  DeleteNvramVariable (ApECID, 94B73556-2197-4702-82A8-3E1337DAFBFB):
33:393  0:000  DeleteNvramVariable (HardwareModel, 94B73556-2197-4702-82A8-3E1337DAFBFB):
33:393  0:000  Use origin smbios table type 1 guid.
33:524  0:130  SetStartupDiskVolume:
33:524  0:000    * Volume: 'Preboot'
33:524  0:000    * LoaderPath: '\8D6422AE-2EA5-403B-9B14-2EB3F1A305EB\System\Library\CoreServices\boot.efi'
33:524  0:000    * DevPath: Preboot
33:524  0:000    * EFI_GUID = 3FBFECFC-7509-43ED-B356-58098AFAD9AE
33:524  0:000  SetNvramVariable (efi-boot-device-data, 7C436110-AB2A-4BBB-A880-FE41995C9F82, 0x7, 276): -> writing new (Success)
33:538  0:014    * efi-boot-device: <array><dict><key>IOMatch</key><dict><key>IOProviderClass</key><string>IOMedia</string><key>IOPropertyMatch</key><dict><key>UUID</key><string>3FBFECFC-7509-43ED-B356-58098AFAD9AE</string></dict></dict></dict></array>
33:538  0:000  SetNvramVariable (efi-boot-device, 7C436110-AB2A-4BBB-A880-FE41995C9F82, 0x7, 216): -> writing new (Success)
33:552  0:013  Custom boot is disabled
33:552  0:000  DeleteNvramVariable (IOHibernateRTCVariables, 7C436110-AB2A-4BBB-A880-FE41995C9F82):
33:553  0:000  DeleteNvramVariable (boot-image, 7C436110-AB2A-4BBB-A880-FE41995C9F82):
33:553  0:000  UEFI Quirks
33:553  0:000  EBSD 0  TST 0  AHS 0  DSP 0  EVA 0  EV 0  FUS 0  IIFR 0  RGB 0  RUPR 0  RUO 0  ROR 0  RBVR 0  SRP 0  UFC 0  FOWF 0Kernel quirks
33:553  0:000  ACPCL 1 AXCL 1 AXEM 0 AXFB 0 CSG 0 DIM 1 DLJ 1 DRC 0 DPM 0 EBTFF 0 EDI 0 FAI 0 IPBS 0 LKP 0 PNKD 1 PTKP 1 TPD 0 XPL 0 PCC 0
33:553  0:000  Closing log
